<?xml version="1.0" encoding="UTF-8"?>
<!-- Generated by org.testng.reporters.JUnitXMLReporter -->
<testsuite ignored="0" hostname="DESKTOP-28VNVH3" failures="0" tests="5" name="Test" time="117.678" errors="0" timestamp="2023-06-30T12:43:21 IST">
  <testcase classname="imp_Practice.orangehrmlive_Dataprovider_excel_testclass" name="TestLogin" time="22.213"/>
  <testcase classname="imp_Practice.orangehrmlive_Dataprovider_excel_testclass" name="TestLogin" time="25.556"/>
  <testcase classname="imp_Practice.orangehrmlive_Dataprovider_excel_testclass" name="TestLogin" time="21.912"/>
  <testcase classname="imp_Practice.orangehrmlive_Dataprovider_excel_testclass" name="TestLogin" time="23.761"/>
  <testcase classname="imp_Practice.orangehrmlive_Dataprovider_excel_testclass" name="TestLogin" time="23.456"/>
</testsuite> <!-- Test -->
