<?xml version="1.0" encoding="UTF-8"?>
<testng-results ignored="0" total="5" passed="5" failed="0" skipped="0">
  <reporter-output>
  </reporter-output>
  <suite started-at="2023-06-30T12:41:23 IST" name="Suite" finished-at="2023-06-30T12:43:21 IST" duration-ms="117678">
    <groups>
    </groups>
    <test started-at="2023-06-30T12:41:23 IST" name="Test" finished-at="2023-06-30T12:43:21 IST" duration-ms="117678">
      <class name="imp_Practice.orangehrmlive_Dataprovider_excel_testclass">
        <test-method signature="TestLogin(java.lang.String,java.lang.String)[pri:0, instance:imp_Practice.orangehrmlive_Dataprovider_excel_testclass@5fd4f8f5]" started-at="2023-06-30T12:41:24 IST" name="TestLogin" data-provider="loginData" finished-at="2023-06-30T12:41:46 IST" duration-ms="22213" status="PASS">
          <params>
            <param index="0">
              <value>
                <![CDATA[fctybgynj]]>
              </value>
            </param>
            <param index="1">
              <value>
                <![CDATA[hnugi]]>
              </value>
            </param>
          </params>
          <reporter-output>
          </reporter-output>
        </test-method> <!-- TestLogin -->
        <test-method signature="TestLogin(java.lang.String,java.lang.String)[pri:0, instance:imp_Practice.orangehrmlive_Dataprovider_excel_testclass@5fd4f8f5]" started-at="2023-06-30T12:41:46 IST" name="TestLogin" data-provider="loginData" finished-at="2023-06-30T12:42:12 IST" duration-ms="25556" status="PASS">
          <params>
            <param index="0">
              <value>
                <![CDATA[]]>
              </value>
            </param>
            <param index="1">
              <value>
                <![CDATA[1542]]>
              </value>
            </param>
          </params>
          <reporter-output>
          </reporter-output>
        </test-method> <!-- TestLogin -->
        <test-method signature="TestLogin(java.lang.String,java.lang.String)[pri:0, instance:imp_Practice.orangehrmlive_Dataprovider_excel_testclass@5fd4f8f5]" started-at="2023-06-30T12:42:12 IST" name="TestLogin" data-provider="loginData" finished-at="2023-06-30T12:42:34 IST" duration-ms="21912" status="PASS">
          <params>
            <param index="0">
              <value>
                <![CDATA[gyu#uji]]>
              </value>
            </param>
            <param index="1">
              <value>
                <![CDATA[h^]]>
              </value>
            </param>
          </params>
          <reporter-output>
          </reporter-output>
        </test-method> <!-- TestLogin -->
        <test-method signature="TestLogin(java.lang.String,java.lang.String)[pri:0, instance:imp_Practice.orangehrmlive_Dataprovider_excel_testclass@5fd4f8f5]" started-at="2023-06-30T12:42:34 IST" name="TestLogin" data-provider="loginData" finished-at="2023-06-30T12:42:58 IST" duration-ms="23761" status="PASS">
          <params>
            <param index="0">
              <value>
                <![CDATA[uyfv6iky]]>
              </value>
            </param>
            <param index="1">
              <value>
                <![CDATA[]]>
              </value>
            </param>
          </params>
          <reporter-output>
          </reporter-output>
        </test-method> <!-- TestLogin -->
        <test-method signature="TestLogin(java.lang.String,java.lang.String)[pri:0, instance:imp_Practice.orangehrmlive_Dataprovider_excel_testclass@5fd4f8f5]" started-at="2023-06-30T12:42:58 IST" name="TestLogin" data-provider="loginData" finished-at="2023-06-30T12:43:21 IST" duration-ms="23456" status="PASS">
          <params>
            <param index="0">
              <value>
                <![CDATA[Admin]]>
              </value>
            </param>
            <param index="1">
              <value>
                <![CDATA[admin123]]>
              </value>
            </param>
          </params>
          <reporter-output>
          </reporter-output>
        </test-method> <!-- TestLogin -->
      </class> <!-- imp_Practice.orangehrmlive_Dataprovider_excel_testclass -->
    </test> <!-- Test -->
  </suite> <!-- Suite -->
</testng-results>
